<?xml version="1.0" ?>
<!DOCTYPE coverage SYSTEM "http://cobertura.sourceforge.net/xml/coverage-04.dtd">
<coverage lines-valid="159" lines-covered="121" line-rate="0.7609999999999999" branches-valid="135" branches-covered="108" branch-rate="0.8" timestamp="1762728530278" complexity="0" version="0.1">
  <sources>
    <source>/Users/lucianahueda/Desktop/TP7-INGEIII/coffehub/backend</source>
  </sources>
  <packages>
    <package name="main" line-rate="0.7609999999999999" branch-rate="0.8">
      <classes>
        <class name="server.js" filename="server.js" line-rate="0.7609999999999999" branch-rate="0.8">
          <methods>
            <method name="connectDB" hits="2" signature="()V">
              <lines>
                <line number="28" hits="2"/>
              </lines>
            </method>
            <method name="validateProduct" hits="22" signature="()V">
              <lines>
                <line number="58" hits="22"/>
              </lines>
            </method>
            <method name="sanitizeProduct" hits="22" signature="()V">
              <lines>
                <line number="133" hits="22"/>
              </lines>
            </method>
            <method name="(anonymous_3)" hits="39" signature="()V">
              <lines>
                <line number="180" hits="39"/>
              </lines>
            </method>
            <method name="(anonymous_4)" hits="3" signature="()V">
              <lines>
                <line number="201" hits="3"/>
              </lines>
            </method>
            <method name="(anonymous_5)" hits="3" signature="()V">
              <lines>
                <line number="211" hits="3"/>
              </lines>
            </method>
            <method name="(anonymous_6)" hits="3" signature="()V">
              <lines>
                <line number="222" hits="3"/>
              </lines>
            </method>
            <method name="(anonymous_7)" hits="15" signature="()V">
              <lines>
                <line number="244" hits="15"/>
              </lines>
            </method>
            <method name="(anonymous_8)" hits="8" signature="()V">
              <lines>
                <line number="282" hits="8"/>
              </lines>
            </method>
            <method name="(anonymous_9)" hits="3" signature="()V">
              <lines>
                <line number="329" hits="3"/>
              </lines>
            </method>
            <method name="(anonymous_10)" hits="4" signature="()V">
              <lines>
                <line number="354" hits="4"/>
              </lines>
            </method>
            <method name="(anonymous_11)" hits="812" signature="()V">
              <lines>
                <line number="360" hits="812"/>
              </lines>
            </method>
            <method name="(anonymous_12)" hits="812" signature="()V">
              <lines>
                <line number="363" hits="812"/>
              </lines>
            </method>
            <method name="(anonymous_13)" hits="3354" signature="()V">
              <lines>
                <line number="365" hits="3354"/>
              </lines>
            </method>
            <method name="(anonymous_14)" hits="682548" signature="()V">
              <lines>
                <line number="366" hits="682548"/>
              </lines>
            </method>
            <method name="(anonymous_15)" hits="682548" signature="()V">
              <lines>
                <line number="366" hits="682548"/>
              </lines>
            </method>
            <method name="initializeApp" hits="2" signature="()V">
              <lines>
                <line number="386" hits="2"/>
              </lines>
            </method>
            <method name="(anonymous_17)" hits="0" signature="()V">
              <lines>
                <line number="391" hits="0"/>
              </lines>
            </method>
          </methods>
          <lines>
            <line number="8" hits="2" branch="false"/>
            <line number="9" hits="2" branch="true" condition-coverage="50% (1/2)"/>
            <line number="14" hits="2" branch="false"/>
            <line number="16" hits="2" branch="true" condition-coverage="50% (1/2)"/>
            <line number="17" hits="0" branch="false"/>
            <line number="19" hits="0" branch="true" condition-coverage="0% (0/2)"/>
            <line number="20" hits="0" branch="false"/>
            <line number="29" hits="2" branch="false"/>
            <line number="30" hits="2" branch="false"/>
            <line number="31" hits="2" branch="false"/>
            <line number="33" hits="2" branch="false"/>
            <line number="34" hits="2" branch="false"/>
            <line number="35" hits="2" branch="false"/>
            <line number="37" hits="2" branch="false"/>
            <line number="39" hits="0" branch="false"/>
            <line number="41" hits="0" branch="true" condition-coverage="0% (0/2)"/>
            <line number="42" hits="0" branch="false"/>
            <line number="44" hits="0" branch="false"/>
            <line number="59" hits="22" branch="false"/>
            <line number="62" hits="22" branch="true" condition-coverage="100% (4/4)"/>
            <line number="63" hits="17" branch="true" condition-coverage="75% (3/4)"/>
            <line number="64" hits="0" branch="false"/>
            <line number="65" hits="17" branch="true" condition-coverage="50% (1/2)"/>
            <line number="66" hits="0" branch="false"/>
            <line number="67" hits="17" branch="true" condition-coverage="50% (1/2)"/>
            <line number="68" hits="0" branch="false"/>
            <line number="73" hits="22" branch="true" condition-coverage="100% (4/4)"/>
            <line number="74" hits="19" branch="false"/>
            <line number="75" hits="19" branch="true" condition-coverage="50% (1/2)"/>
            <line number="76" hits="0" branch="false"/>
            <line number="77" hits="19" branch="true" condition-coverage="100% (2/2)"/>
            <line number="78" hits="1" branch="false"/>
            <line number="79" hits="18" branch="true" condition-coverage="100% (2/2)"/>
            <line number="80" hits="1" branch="false"/>
            <line number="85" hits="22" branch="true" condition-coverage="100% (4/4)"/>
            <line number="86" hits="7" branch="false"/>
            <line number="87" hits="7" branch="true" condition-coverage="100% (2/2)"/>
            <line number="88" hits="1" branch="false"/>
            <line number="89" hits="6" branch="true" condition-coverage="100% (4/4)"/>
            <line number="90" hits="2" branch="false"/>
            <line number="95" hits="22" branch="true" condition-coverage="100% (4/4)"/>
            <line number="96" hits="15" branch="true" condition-coverage="75% (3/4)"/>
            <line number="97" hits="0" branch="false"/>
            <line number="102" hits="22" branch="true" condition-coverage="100% (4/4)"/>
            <line number="103" hits="15" branch="true" condition-coverage="75% (3/4)"/>
            <line number="104" hits="0" branch="false"/>
            <line number="109" hits="22" branch="true" condition-coverage="100% (4/4)"/>
            <line number="110" hits="15" branch="true" condition-coverage="75% (3/4)"/>
            <line number="111" hits="0" branch="false"/>
            <line number="116" hits="22" branch="true" condition-coverage="100% (4/4)"/>
            <line number="117" hits="2" branch="true" condition-coverage="50% (1/2)"/>
            <line number="118" hits="0" branch="false"/>
            <line number="122" hits="22" branch="false"/>
            <line number="134" hits="22" branch="false"/>
            <line number="136" hits="22" branch="true" condition-coverage="100% (2/2)"/>
            <line number="137" hits="17" branch="false"/>
            <line number="140" hits="22" branch="true" condition-coverage="100% (2/2)"/>
            <line number="141" hits="6" branch="false"/>
            <line number="144" hits="22" branch="true" condition-coverage="100% (2/2)"/>
            <line number="145" hits="4" branch="false"/>
            <line number="148" hits="22" branch="true" condition-coverage="100% (2/2)"/>
            <line number="149" hits="19" branch="false"/>
            <line number="152" hits="22" branch="true" condition-coverage="100% (2/2)"/>
            <line number="153" hits="4" branch="false"/>
            <line number="156" hits="22" branch="true" condition-coverage="100% (4/4)"/>
            <line number="157" hits="7" branch="false"/>
            <line number="160" hits="22" branch="true" condition-coverage="100% (2/2)"/>
            <line number="161" hits="2" branch="true" condition-coverage="50% (1/2)"/>
            <line number="166" hits="22" branch="false"/>
            <line number="172" hits="2" branch="false"/>
            <line number="179" hits="2" branch="false"/>
            <line number="181" hits="39" branch="true" condition-coverage="100% (2/2)"/>
            <line number="182" hits="2" branch="true" condition-coverage="50% (1/2)"/>
            <line number="183" hits="2" branch="false"/>
            <line number="185" hits="0" branch="false"/>
            <line number="186" hits="0" branch="false"/>
            <line number="193" hits="2" branch="false"/>
            <line number="194" hits="2" branch="false"/>
            <line number="201" hits="2" branch="false"/>
            <line number="202" hits="3" branch="false"/>
            <line number="211" hits="2" branch="false"/>
            <line number="212" hits="3" branch="false"/>
            <line number="213" hits="3" branch="false"/>
            <line number="214" hits="3" branch="false"/>
            <line number="216" hits="0" branch="false"/>
            <line number="217" hits="0" branch="false"/>
            <line number="222" hits="2" branch="false"/>
            <line number="223" hits="3" branch="false"/>
            <line number="224" hits="3" branch="false"/>
            <line number="226" hits="3" branch="true" condition-coverage="100% (2/2)"/>
            <line number="227" hits="1" branch="false"/>
            <line number="230" hits="2" branch="false"/>
            <line number="232" hits="2" branch="true" condition-coverage="100% (2/2)"/>
            <line number="233" hits="1" branch="false"/>
            <line number="236" hits="1" branch="false"/>
            <line number="238" hits="0" branch="false"/>
            <line number="239" hits="0" branch="false"/>
            <line number="244" hits="2" branch="false"/>
            <line number="245" hits="15" branch="false"/>
            <line number="247" hits="15" branch="false"/>
            <line number="250" hits="15" branch="false"/>
            <line number="251" hits="15" branch="true" condition-coverage="50% (1/2)"/>
            <line number="252" hits="0" branch="false"/>
            <line number="259" hits="15" branch="false"/>
            <line number="270" hits="15" branch="false"/>
            <line number="271" hits="15" branch="false"/>
            <line number="276" hits="0" branch="false"/>
            <line number="277" hits="0" branch="false"/>
            <line number="282" hits="2" branch="false"/>
            <line number="283" hits="8" branch="false"/>
            <line number="284" hits="8" branch="false"/>
            <line number="286" hits="8" branch="true" condition-coverage="100% (2/2)"/>
            <line number="287" hits="1" branch="false"/>
            <line number="291" hits="7" branch="false"/>
            <line number="294" hits="7" branch="false"/>
            <line number="295" hits="7" branch="true" condition-coverage="100% (2/2)"/>
            <line number="296" hits="5" branch="false"/>
            <line number="303" hits="2" branch="false"/>
            <line number="308" hits="2" branch="false"/>
            <line number="313" hits="2" branch="true" condition-coverage="100% (2/2)"/>
            <line number="314" hits="1" branch="false"/>
            <line number="317" hits="1" branch="false"/>
            <line number="323" hits="0" branch="false"/>
            <line number="324" hits="0" branch="false"/>
            <line number="329" hits="2" branch="false"/>
            <line number="330" hits="3" branch="false"/>
            <line number="331" hits="3" branch="false"/>
            <line number="333" hits="3" branch="true" condition-coverage="100% (2/2)"/>
            <line number="334" hits="1" branch="false"/>
            <line number="337" hits="2" branch="false"/>
            <line number="339" hits="2" branch="true" condition-coverage="100% (2/2)"/>
            <line number="340" hits="1" branch="false"/>
            <line number="343" hits="1" branch="false"/>
            <line number="348" hits="0" branch="false"/>
            <line number="349" hits="0" branch="false"/>
            <line number="354" hits="2" branch="false"/>
            <line number="355" hits="4" branch="false"/>
            <line number="356" hits="4" branch="false"/>
            <line number="358" hits="4" branch="false"/>
            <line number="359" hits="4" branch="true" condition-coverage="50% (1/2)"/>
            <line number="360" hits="812" branch="true" condition-coverage="50% (1/2)"/>
            <line number="363" hits="812" branch="false"/>
            <line number="364" hits="4" branch="true" condition-coverage="50% (1/2)"/>
            <line number="366" hits="682548" branch="false"/>
            <line number="370" hits="4" branch="false"/>
            <line number="376" hits="0" branch="false"/>
            <line number="377" hits="0" branch="false"/>
            <line number="387" hits="2" branch="false"/>
            <line number="388" hits="2" branch="false"/>
            <line number="390" hits="2" branch="true" condition-coverage="50% (1/2)"/>
            <line number="391" hits="0" branch="false"/>
            <line number="392" hits="0" branch="false"/>
            <line number="393" hits="0" branch="false"/>
            <line number="397" hits="0" branch="false"/>
            <line number="398" hits="0" branch="true" condition-coverage="0% (0/2)"/>
            <line number="399" hits="0" branch="false"/>
            <line number="401" hits="0" branch="false"/>
            <line number="406" hits="2" branch="true" condition-coverage="50% (1/2)"/>
            <line number="407" hits="0" branch="false"/>
          </lines>
        </class>
      </classes>
    </package>
  </packages>
</coverage>
