{"/Users/lucianahueda/Desktop/TP8-INGEIII/coffehub/backend/server.js": {"path":"/Users/lucianahueda/Desktop/TP8-INGEIII/coffehub/backend/server.js","statementMap":{"0":{"start":{"line":8,"column":12},"end":{"line":8,"column":21}},"1":{"start":{"line":9,"column":0},"end":{"line":9,"column":28}},"2":{"start":{"line":10,"column":13},"end":{"line":10,"column":37}},"3":{"start":{"line":15,"column":20},"end":{"line":15,"column":43}},"4":{"start":{"line":17,"column":0},"end":{"line":22,"column":1}},"5":{"start":{"line":18,"column":2},"end":{"line":18,"column":57}},"6":{"start":{"line":19,"column":2},"end":{"line":21,"column":3}},"7":{"start":{"line":20,"column":4},"end":{"line":20,"column":20}},"8":{"start":{"line":31,"column":21},"end":{"line":31,"column":30}},"9":{"start":{"line":31,"column":27},"end":{"line":31,"column":30}},"10":{"start":{"line":32,"column":37},"end":{"line":32,"column":62}},"11":{"start":{"line":32,"column":43},"end":{"line":32,"column":62}},"12":{"start":{"line":33,"column":30},"end":{"line":33,"column":48}},"13":{"start":{"line":33,"column":36},"end":{"line":33,"column":48}},"14":{"start":{"line":34,"column":25},"end":{"line":34,"column":38}},"15":{"start":{"line":34,"column":31},"end":{"line":34,"column":38}},"16":{"start":{"line":37,"column":2},"end":{"line":52,"column":3}},"17":{"start":{"line":38,"column":4},"end":{"line":38,"column":48}},"18":{"start":{"line":39,"column":4},"end":{"line":39,"column":33}},"19":{"start":{"line":41,"column":19},"end":{"line":41,"column":75}},"20":{"start":{"line":42,"column":4},"end":{"line":42,"column":34}},"21":{"start":{"line":43,"column":4},"end":{"line":43,"column":53}},"22":{"start":{"line":45,"column":4},"end":{"line":45,"column":74}},"23":{"start":{"line":47,"column":4},"end":{"line":47,"column":58}},"24":{"start":{"line":48,"column":4},"end":{"line":50,"column":5}},"25":{"start":{"line":49,"column":6},"end":{"line":49,"column":22}},"26":{"start":{"line":51,"column":4},"end":{"line":51,"column":16}},"27":{"start":{"line":63,"column":2},"end":{"line":63,"column":48}},"28":{"start":{"line":63,"column":38},"end":{"line":63,"column":48}},"29":{"start":{"line":65,"column":17},"end":{"line":65,"column":19}},"30":{"start":{"line":66,"column":2},"end":{"line":72,"column":3}},"31":{"start":{"line":67,"column":4},"end":{"line":67,"column":57}},"32":{"start":{"line":68,"column":9},"end":{"line":72,"column":3}},"33":{"start":{"line":69,"column":4},"end":{"line":69,"column":59}},"34":{"start":{"line":70,"column":9},"end":{"line":72,"column":3}},"35":{"start":{"line":71,"column":4},"end":{"line":71,"column":53}},"36":{"start":{"line":73,"column":2},"end":{"line":73,"column":16}},"37":{"start":{"line":80,"column":2},"end":{"line":80,"column":49}},"38":{"start":{"line":80,"column":39},"end":{"line":80,"column":49}},"39":{"start":{"line":82,"column":17},"end":{"line":82,"column":19}},"40":{"start":{"line":83,"column":19},"end":{"line":83,"column":43}},"41":{"start":{"line":85,"column":2},"end":{"line":91,"column":3}},"42":{"start":{"line":86,"column":4},"end":{"line":86,"column":48}},"43":{"start":{"line":87,"column":9},"end":{"line":91,"column":3}},"44":{"start":{"line":88,"column":4},"end":{"line":88,"column":44}},"45":{"start":{"line":89,"column":9},"end":{"line":91,"column":3}},"46":{"start":{"line":90,"column":4},"end":{"line":90,"column":50}},"47":{"start":{"line":92,"column":2},"end":{"line":92,"column":16}},"48":{"start":{"line":99,"column":2},"end":{"line":99,"column":57}},"49":{"start":{"line":99,"column":47},"end":{"line":99,"column":57}},"50":{"start":{"line":101,"column":17},"end":{"line":101,"column":19}},"51":{"start":{"line":102,"column":20},"end":{"line":102,"column":45}},"52":{"start":{"line":104,"column":2},"end":{"line":108,"column":3}},"53":{"start":{"line":105,"column":4},"end":{"line":105,"column":49}},"54":{"start":{"line":106,"column":9},"end":{"line":108,"column":3}},"55":{"start":{"line":107,"column":4},"end":{"line":107,"column":50}},"56":{"start":{"line":109,"column":2},"end":{"line":109,"column":16}},"57":{"start":{"line":116,"column":2},"end":{"line":116,"column":49}},"58":{"start":{"line":116,"column":39},"end":{"line":116,"column":49}},"59":{"start":{"line":117,"column":2},"end":{"line":117,"column":55}},"60":{"start":{"line":117,"column":45},"end":{"line":117,"column":55}},"61":{"start":{"line":119,"column":17},"end":{"line":119,"column":19}},"62":{"start":{"line":120,"column":2},"end":{"line":122,"column":3}},"63":{"start":{"line":121,"column":4},"end":{"line":121,"column":49}},"64":{"start":{"line":123,"column":2},"end":{"line":123,"column":16}},"65":{"start":{"line":133,"column":17},"end":{"line":141,"column":3}},"66":{"start":{"line":143,"column":2},"end":{"line":146,"column":4}},"67":{"start":{"line":155,"column":20},"end":{"line":155,"column":22}},"68":{"start":{"line":157,"column":2},"end":{"line":159,"column":3}},"69":{"start":{"line":158,"column":4},"end":{"line":158,"column":53}},"70":{"start":{"line":161,"column":2},"end":{"line":163,"column":3}},"71":{"start":{"line":162,"column":4},"end":{"line":162,"column":57}},"72":{"start":{"line":165,"column":2},"end":{"line":167,"column":3}},"73":{"start":{"line":166,"column":4},"end":{"line":166,"column":53}},"74":{"start":{"line":169,"column":2},"end":{"line":171,"column":3}},"75":{"start":{"line":170,"column":4},"end":{"line":170,"column":59}},"76":{"start":{"line":173,"column":2},"end":{"line":175,"column":3}},"77":{"start":{"line":174,"column":4},"end":{"line":174,"column":55}},"78":{"start":{"line":177,"column":2},"end":{"line":179,"column":3}},"79":{"start":{"line":178,"column":4},"end":{"line":178,"column":61}},"80":{"start":{"line":181,"column":2},"end":{"line":185,"column":3}},"81":{"start":{"line":182,"column":4},"end":{"line":184,"column":26}},"82":{"start":{"line":187,"column":2},"end":{"line":187,"column":19}},"83":{"start":{"line":193,"column":23},"end":{"line":204,"column":1}},"84":{"start":{"line":207,"column":0},"end":{"line":218,"column":4}},"85":{"start":{"line":209,"column":4},"end":{"line":209,"column":45}},"86":{"start":{"line":209,"column":17},"end":{"line":209,"column":45}},"87":{"start":{"line":210,"column":4},"end":{"line":210,"column":69}},"88":{"start":{"line":210,"column":41},"end":{"line":210,"column":69}},"89":{"start":{"line":212,"column":4},"end":{"line":212,"column":51}},"90":{"start":{"line":213,"column":4},"end":{"line":213,"column":68}},"91":{"start":{"line":220,"column":0},"end":{"line":220,"column":24}},"92":{"start":{"line":227,"column":0},"end":{"line":234,"column":3}},"93":{"start":{"line":228,"column":2},"end":{"line":233,"column":5}},"94":{"start":{"line":237,"column":0},"end":{"line":245,"column":3}},"95":{"start":{"line":238,"column":2},"end":{"line":244,"column":3}},"96":{"start":{"line":239,"column":21},"end":{"line":239,"column":65}},"97":{"start":{"line":240,"column":4},"end":{"line":240,"column":23}},"98":{"start":{"line":242,"column":4},"end":{"line":242,"column":54}},"99":{"start":{"line":243,"column":4},"end":{"line":243,"column":66}},"100":{"start":{"line":248,"column":0},"end":{"line":267,"column":3}},"101":{"start":{"line":249,"column":2},"end":{"line":266,"column":3}},"102":{"start":{"line":250,"column":19},"end":{"line":250,"column":29}},"103":{"start":{"line":252,"column":4},"end":{"line":254,"column":5}},"104":{"start":{"line":253,"column":6},"end":{"line":253,"column":60}},"105":{"start":{"line":256,"column":20},"end":{"line":256,"column":80}},"106":{"start":{"line":258,"column":4},"end":{"line":260,"column":5}},"107":{"start":{"line":259,"column":6},"end":{"line":259,"column":71}},"108":{"start":{"line":262,"column":4},"end":{"line":262,"column":22}},"109":{"start":{"line":264,"column":4},"end":{"line":264,"column":53}},"110":{"start":{"line":265,"column":4},"end":{"line":265,"column":66}},"111":{"start":{"line":270,"column":0},"end":{"line":305,"column":3}},"112":{"start":{"line":271,"column":2},"end":{"line":304,"column":3}},"113":{"start":{"line":273,"column":22},"end":{"line":273,"column":47}},"114":{"start":{"line":276,"column":23},"end":{"line":276,"column":56}},"115":{"start":{"line":277,"column":4},"end":{"line":282,"column":5}},"116":{"start":{"line":278,"column":6},"end":{"line":281,"column":9}},"117":{"start":{"line":285,"column":23},"end":{"line":294,"column":5}},"118":{"start":{"line":296,"column":19},"end":{"line":296,"column":66}},"119":{"start":{"line":297,"column":4},"end":{"line":300,"column":7}},"120":{"start":{"line":302,"column":4},"end":{"line":302,"column":54}},"121":{"start":{"line":303,"column":4},"end":{"line":303,"column":63}},"122":{"start":{"line":308,"column":0},"end":{"line":352,"column":3}},"123":{"start":{"line":309,"column":2},"end":{"line":351,"column":3}},"124":{"start":{"line":310,"column":19},"end":{"line":310,"column":29}},"125":{"start":{"line":312,"column":4},"end":{"line":314,"column":5}},"126":{"start":{"line":313,"column":6},"end":{"line":313,"column":60}},"127":{"start":{"line":317,"column":22},"end":{"line":317,"column":47}},"128":{"start":{"line":320,"column":23},"end":{"line":320,"column":55}},"129":{"start":{"line":321,"column":4},"end":{"line":326,"column":5}},"130":{"start":{"line":322,"column":6},"end":{"line":325,"column":9}},"131":{"start":{"line":329,"column":23},"end":{"line":332,"column":5}},"132":{"start":{"line":334,"column":19},"end":{"line":337,"column":5}},"133":{"start":{"line":339,"column":4},"end":{"line":341,"column":5}},"134":{"start":{"line":340,"column":6},"end":{"line":340,"column":71}},"135":{"start":{"line":343,"column":4},"end":{"line":347,"column":7}},"136":{"start":{"line":349,"column":4},"end":{"line":349,"column":56}},"137":{"start":{"line":350,"column":4},"end":{"line":350,"column":68}},"138":{"start":{"line":355,"column":0},"end":{"line":377,"column":3}},"139":{"start":{"line":356,"column":2},"end":{"line":376,"column":3}},"140":{"start":{"line":357,"column":19},"end":{"line":357,"column":29}},"141":{"start":{"line":359,"column":4},"end":{"line":361,"column":5}},"142":{"start":{"line":360,"column":6},"end":{"line":360,"column":60}},"143":{"start":{"line":363,"column":19},"end":{"line":363,"column":81}},"144":{"start":{"line":365,"column":4},"end":{"line":367,"column":5}},"145":{"start":{"line":366,"column":6},"end":{"line":366,"column":71}},"146":{"start":{"line":369,"column":4},"end":{"line":372,"column":7}},"147":{"start":{"line":374,"column":4},"end":{"line":374,"column":54}},"148":{"start":{"line":375,"column":4},"end":{"line":375,"column":66}},"149":{"start":{"line":380,"column":0},"end":{"line":405,"column":3}},"150":{"start":{"line":381,"column":2},"end":{"line":404,"column":3}},"151":{"start":{"line":382,"column":21},"end":{"line":382,"column":65}},"152":{"start":{"line":384,"column":18},"end":{"line":384,"column":33}},"153":{"start":{"line":385,"column":21},"end":{"line":387,"column":9}},"154":{"start":{"line":386,"column":37},"end":{"line":386,"column":57}},"155":{"start":{"line":389,"column":20},"end":{"line":389,"column":63}},"156":{"start":{"line":389,"column":38},"end":{"line":389,"column":46}},"157":{"start":{"line":390,"column":26},"end":{"line":394,"column":13}},"158":{"start":{"line":392,"column":10},"end":{"line":392,"column":83}},"159":{"start":{"line":392,"column":30},"end":{"line":392,"column":37}},"160":{"start":{"line":392,"column":68},"end":{"line":392,"column":75}},"161":{"start":{"line":396,"column":4},"end":{"line":400,"column":7}},"162":{"start":{"line":402,"column":4},"end":{"line":402,"column":57}},"163":{"start":{"line":403,"column":4},"end":{"line":403,"column":66}},"164":{"start":{"line":412,"column":2},"end":{"line":427,"column":3}},"165":{"start":{"line":413,"column":4},"end":{"line":413,"column":22}},"166":{"start":{"line":415,"column":4},"end":{"line":420,"column":5}},"167":{"start":{"line":416,"column":6},"end":{"line":419,"column":9}},"168":{"start":{"line":417,"column":8},"end":{"line":417,"column":71}},"169":{"start":{"line":418,"column":8},"end":{"line":418,"column":63}},"170":{"start":{"line":422,"column":4},"end":{"line":422,"column":64}},"171":{"start":{"line":423,"column":4},"end":{"line":425,"column":5}},"172":{"start":{"line":424,"column":6},"end":{"line":424,"column":22}},"173":{"start":{"line":426,"column":4},"end":{"line":426,"column":14}},"174":{"start":{"line":431,"column":0},"end":{"line":433,"column":1}},"175":{"start":{"line":432,"column":2},"end":{"line":432,"column":18}}},"fnMap":{"0":{"name":"(anonymous_0)","decl":{"start":{"line":31,"column":21},"end":{"line":31,"column":22}},"loc":{"start":{"line":31,"column":27},"end":{"line":31,"column":30}},"line":31},"1":{"name":"(anonymous_1)","decl":{"start":{"line":32,"column":37},"end":{"line":32,"column":38}},"loc":{"start":{"line":32,"column":43},"end":{"line":32,"column":62}},"line":32},"2":{"name":"(anonymous_2)","decl":{"start":{"line":33,"column":30},"end":{"line":33,"column":31}},"loc":{"start":{"line":33,"column":36},"end":{"line":33,"column":48}},"line":33},"3":{"name":"(anonymous_3)","decl":{"start":{"line":34,"column":25},"end":{"line":34,"column":26}},"loc":{"start":{"line":34,"column":31},"end":{"line":34,"column":38}},"line":34},"4":{"name":"connectDB","decl":{"start":{"line":36,"column":15},"end":{"line":36,"column":24}},"loc":{"start":{"line":36,"column":27},"end":{"line":53,"column":1}},"line":36},"5":{"name":"validateName","decl":{"start":{"line":62,"column":9},"end":{"line":62,"column":21}},"loc":{"start":{"line":62,"column":38},"end":{"line":74,"column":1}},"line":62},"6":{"name":"validatePrice","decl":{"start":{"line":79,"column":9},"end":{"line":79,"column":22}},"loc":{"start":{"line":79,"column":40},"end":{"line":93,"column":1}},"line":79},"7":{"name":"validateRating","decl":{"start":{"line":98,"column":9},"end":{"line":98,"column":23}},"loc":{"start":{"line":98,"column":32},"end":{"line":110,"column":1}},"line":98},"8":{"name":"validateStringField","decl":{"start":{"line":115,"column":9},"end":{"line":115,"column":28}},"loc":{"start":{"line":115,"column":57},"end":{"line":124,"column":1}},"line":115},"9":{"name":"validateProduct","decl":{"start":{"line":132,"column":9},"end":{"line":132,"column":24}},"loc":{"start":{"line":132,"column":56},"end":{"line":147,"column":1}},"line":132},"10":{"name":"sanitizeProduct","decl":{"start":{"line":154,"column":9},"end":{"line":154,"column":24}},"loc":{"start":{"line":154,"column":38},"end":{"line":188,"column":1}},"line":154},"11":{"name":"(anonymous_11)","decl":{"start":{"line":208,"column":10},"end":{"line":208,"column":11}},"loc":{"start":{"line":208,"column":32},"end":{"line":214,"column":3}},"line":208},"12":{"name":"(anonymous_12)","decl":{"start":{"line":227,"column":23},"end":{"line":227,"column":24}},"loc":{"start":{"line":227,"column":37},"end":{"line":234,"column":1}},"line":227},"13":{"name":"(anonymous_13)","decl":{"start":{"line":237,"column":25},"end":{"line":237,"column":26}},"loc":{"start":{"line":237,"column":45},"end":{"line":245,"column":1}},"line":237},"14":{"name":"(anonymous_14)","decl":{"start":{"line":248,"column":29},"end":{"line":248,"column":30}},"loc":{"start":{"line":248,"column":49},"end":{"line":267,"column":1}},"line":248},"15":{"name":"(anonymous_15)","decl":{"start":{"line":270,"column":26},"end":{"line":270,"column":27}},"loc":{"start":{"line":270,"column":46},"end":{"line":305,"column":1}},"line":270},"16":{"name":"(anonymous_16)","decl":{"start":{"line":308,"column":29},"end":{"line":308,"column":30}},"loc":{"start":{"line":308,"column":49},"end":{"line":352,"column":1}},"line":308},"17":{"name":"(anonymous_17)","decl":{"start":{"line":355,"column":32},"end":{"line":355,"column":33}},"loc":{"start":{"line":355,"column":52},"end":{"line":377,"column":1}},"line":355},"18":{"name":"(anonymous_18)","decl":{"start":{"line":380,"column":22},"end":{"line":380,"column":23}},"loc":{"start":{"line":380,"column":42},"end":{"line":405,"column":1}},"line":380},"19":{"name":"(anonymous_19)","decl":{"start":{"line":386,"column":25},"end":{"line":386,"column":26}},"loc":{"start":{"line":386,"column":37},"end":{"line":386,"column":57}},"line":386},"20":{"name":"(anonymous_20)","decl":{"start":{"line":389,"column":33},"end":{"line":389,"column":34}},"loc":{"start":{"line":389,"column":38},"end":{"line":389,"column":46}},"line":389},"21":{"name":"(anonymous_21)","decl":{"start":{"line":391,"column":21},"end":{"line":391,"column":22}},"loc":{"start":{"line":392,"column":10},"end":{"line":392,"column":83}},"line":392},"22":{"name":"(anonymous_22)","decl":{"start":{"line":392,"column":25},"end":{"line":392,"column":26}},"loc":{"start":{"line":392,"column":30},"end":{"line":392,"column":37}},"line":392},"23":{"name":"(anonymous_23)","decl":{"start":{"line":392,"column":63},"end":{"line":392,"column":64}},"loc":{"start":{"line":392,"column":68},"end":{"line":392,"column":75}},"line":392},"24":{"name":"initializeApp","decl":{"start":{"line":411,"column":22},"end":{"line":411,"column":35}},"loc":{"start":{"line":411,"column":38},"end":{"line":428,"column":1}},"line":411},"25":{"name":"(anonymous_25)","decl":{"start":{"line":416,"column":33},"end":{"line":416,"column":34}},"loc":{"start":{"line":416,"column":39},"end":{"line":419,"column":7}},"line":416}},"branchMap":{"0":{"loc":{"start":{"line":10,"column":13},"end":{"line":10,"column":37}},"type":"binary-expr","locations":[{"start":{"line":10,"column":13},"end":{"line":10,"column":29}},{"start":{"line":10,"column":33},"end":{"line":10,"column":37}}],"line":10},"1":{"loc":{"start":{"line":17,"column":0},"end":{"line":22,"column":1}},"type":"if","locations":[{"start":{"line":17,"column":0},"end":{"line":22,"column":1}},{"start":{},"end":{}}],"line":17},"2":{"loc":{"start":{"line":19,"column":2},"end":{"line":21,"column":3}},"type":"if","locations":[{"start":{"line":19,"column":2},"end":{"line":21,"column":3}},{"start":{},"end":{}}],"line":19},"3":{"loc":{"start":{"line":48,"column":4},"end":{"line":50,"column":5}},"type":"if","locations":[{"start":{"line":48,"column":4},"end":{"line":50,"column":5}},{"start":{},"end":{}}],"line":48},"4":{"loc":{"start":{"line":63,"column":2},"end":{"line":63,"column":48}},"type":"if","locations":[{"start":{"line":63,"column":2},"end":{"line":63,"column":48}},{"start":{},"end":{}}],"line":63},"5":{"loc":{"start":{"line":63,"column":6},"end":{"line":63,"column":36}},"type":"binary-expr","locations":[{"start":{"line":63,"column":6},"end":{"line":63,"column":14}},{"start":{"line":63,"column":18},"end":{"line":63,"column":36}}],"line":63},"6":{"loc":{"start":{"line":66,"column":2},"end":{"line":72,"column":3}},"type":"if","locations":[{"start":{"line":66,"column":2},"end":{"line":72,"column":3}},{"start":{"line":68,"column":9},"end":{"line":72,"column":3}}],"line":66},"7":{"loc":{"start":{"line":66,"column":6},"end":{"line":66,"column":39}},"type":"binary-expr","locations":[{"start":{"line":66,"column":6},"end":{"line":66,"column":11}},{"start":{"line":66,"column":15},"end":{"line":66,"column":39}}],"line":66},"8":{"loc":{"start":{"line":68,"column":9},"end":{"line":72,"column":3}},"type":"if","locations":[{"start":{"line":68,"column":9},"end":{"line":72,"column":3}},{"start":{"line":70,"column":9},"end":{"line":72,"column":3}}],"line":68},"9":{"loc":{"start":{"line":70,"column":9},"end":{"line":72,"column":3}},"type":"if","locations":[{"start":{"line":70,"column":9},"end":{"line":72,"column":3}},{"start":{},"end":{}}],"line":70},"10":{"loc":{"start":{"line":80,"column":2},"end":{"line":80,"column":49}},"type":"if","locations":[{"start":{"line":80,"column":2},"end":{"line":80,"column":49}},{"start":{},"end":{}}],"line":80},"11":{"loc":{"start":{"line":80,"column":6},"end":{"line":80,"column":37}},"type":"binary-expr","locations":[{"start":{"line":80,"column":6},"end":{"line":80,"column":14}},{"start":{"line":80,"column":18},"end":{"line":80,"column":37}}],"line":80},"12":{"loc":{"start":{"line":85,"column":2},"end":{"line":91,"column":3}},"type":"if","locations":[{"start":{"line":85,"column":2},"end":{"line":91,"column":3}},{"start":{"line":87,"column":9},"end":{"line":91,"column":3}}],"line":85},"13":{"loc":{"start":{"line":87,"column":9},"end":{"line":91,"column":3}},"type":"if","locations":[{"start":{"line":87,"column":9},"end":{"line":91,"column":3}},{"start":{"line":89,"column":9},"end":{"line":91,"column":3}}],"line":87},"14":{"loc":{"start":{"line":89,"column":9},"end":{"line":91,"column":3}},"type":"if","locations":[{"start":{"line":89,"column":9},"end":{"line":91,"column":3}},{"start":{},"end":{}}],"line":89},"15":{"loc":{"start":{"line":99,"column":2},"end":{"line":99,"column":57}},"type":"if","locations":[{"start":{"line":99,"column":2},"end":{"line":99,"column":57}},{"start":{},"end":{}}],"line":99},"16":{"loc":{"start":{"line":99,"column":6},"end":{"line":99,"column":45}},"type":"binary-expr","locations":[{"start":{"line":99,"column":6},"end":{"line":99,"column":26}},{"start":{"line":99,"column":30},"end":{"line":99,"column":45}}],"line":99},"17":{"loc":{"start":{"line":104,"column":2},"end":{"line":108,"column":3}},"type":"if","locations":[{"start":{"line":104,"column":2},"end":{"line":108,"column":3}},{"start":{"line":106,"column":9},"end":{"line":108,"column":3}}],"line":104},"18":{"loc":{"start":{"line":106,"column":9},"end":{"line":108,"column":3}},"type":"if","locations":[{"start":{"line":106,"column":9},"end":{"line":108,"column":3}},{"start":{},"end":{}}],"line":106},"19":{"loc":{"start":{"line":106,"column":13},"end":{"line":106,"column":43}},"type":"binary-expr","locations":[{"start":{"line":106,"column":13},"end":{"line":106,"column":26}},{"start":{"line":106,"column":30},"end":{"line":106,"column":43}}],"line":106},"20":{"loc":{"start":{"line":116,"column":2},"end":{"line":116,"column":49}},"type":"if","locations":[{"start":{"line":116,"column":2},"end":{"line":116,"column":49}},{"start":{},"end":{}}],"line":116},"21":{"loc":{"start":{"line":116,"column":6},"end":{"line":116,"column":37}},"type":"binary-expr","locations":[{"start":{"line":116,"column":6},"end":{"line":116,"column":14}},{"start":{"line":116,"column":18},"end":{"line":116,"column":37}}],"line":116},"22":{"loc":{"start":{"line":117,"column":2},"end":{"line":117,"column":55}},"type":"if","locations":[{"start":{"line":117,"column":2},"end":{"line":117,"column":55}},{"start":{},"end":{}}],"line":117},"23":{"loc":{"start":{"line":117,"column":6},"end":{"line":117,"column":43}},"type":"binary-expr","locations":[{"start":{"line":117,"column":6},"end":{"line":117,"column":25}},{"start":{"line":117,"column":29},"end":{"line":117,"column":43}}],"line":117},"24":{"loc":{"start":{"line":120,"column":2},"end":{"line":122,"column":3}},"type":"if","locations":[{"start":{"line":120,"column":2},"end":{"line":122,"column":3}},{"start":{},"end":{}}],"line":120},"25":{"loc":{"start":{"line":132,"column":38},"end":{"line":132,"column":54}},"type":"default-arg","locations":[{"start":{"line":132,"column":49},"end":{"line":132,"column":54}}],"line":132},"26":{"loc":{"start":{"line":157,"column":2},"end":{"line":159,"column":3}},"type":"if","locations":[{"start":{"line":157,"column":2},"end":{"line":159,"column":3}},{"start":{},"end":{}}],"line":157},"27":{"loc":{"start":{"line":161,"column":2},"end":{"line":163,"column":3}},"type":"if","locations":[{"start":{"line":161,"column":2},"end":{"line":163,"column":3}},{"start":{},"end":{}}],"line":161},"28":{"loc":{"start":{"line":165,"column":2},"end":{"line":167,"column":3}},"type":"if","locations":[{"start":{"line":165,"column":2},"end":{"line":167,"column":3}},{"start":{},"end":{}}],"line":165},"29":{"loc":{"start":{"line":169,"column":2},"end":{"line":171,"column":3}},"type":"if","locations":[{"start":{"line":169,"column":2},"end":{"line":171,"column":3}},{"start":{},"end":{}}],"line":169},"30":{"loc":{"start":{"line":173,"column":2},"end":{"line":175,"column":3}},"type":"if","locations":[{"start":{"line":173,"column":2},"end":{"line":175,"column":3}},{"start":{},"end":{}}],"line":173},"31":{"loc":{"start":{"line":177,"column":2},"end":{"line":179,"column":3}},"type":"if","locations":[{"start":{"line":177,"column":2},"end":{"line":179,"column":3}},{"start":{},"end":{}}],"line":177},"32":{"loc":{"start":{"line":177,"column":6},"end":{"line":177,"column":69}},"type":"binary-expr","locations":[{"start":{"line":177,"column":6},"end":{"line":177,"column":38}},{"start":{"line":177,"column":42},"end":{"line":177,"column":69}}],"line":177},"33":{"loc":{"start":{"line":181,"column":2},"end":{"line":185,"column":3}},"type":"if","locations":[{"start":{"line":181,"column":2},"end":{"line":185,"column":3}},{"start":{},"end":{}}],"line":181},"34":{"loc":{"start":{"line":182,"column":28},"end":{"line":184,"column":25}},"type":"cond-expr","locations":[{"start":{"line":183,"column":8},"end":{"line":183,"column":46}},{"start":{"line":184,"column":8},"end":{"line":184,"column":25}}],"line":182},"35":{"loc":{"start":{"line":209,"column":4},"end":{"line":209,"column":45}},"type":"if","locations":[{"start":{"line":209,"column":4},"end":{"line":209,"column":45}},{"start":{},"end":{}}],"line":209},"36":{"loc":{"start":{"line":210,"column":4},"end":{"line":210,"column":69}},"type":"if","locations":[{"start":{"line":210,"column":4},"end":{"line":210,"column":69}},{"start":{},"end":{}}],"line":210},"37":{"loc":{"start":{"line":231,"column":14},"end":{"line":231,"column":48}},"type":"cond-expr","locations":[{"start":{"line":231,"column":20},"end":{"line":231,"column":31}},{"start":{"line":231,"column":34},"end":{"line":231,"column":48}}],"line":231},"38":{"loc":{"start":{"line":232,"column":17},"end":{"line":232,"column":54}},"type":"binary-expr","locations":[{"start":{"line":232,"column":17},"end":{"line":232,"column":37}},{"start":{"line":232,"column":41},"end":{"line":232,"column":54}}],"line":232},"39":{"loc":{"start":{"line":252,"column":4},"end":{"line":254,"column":5}},"type":"if","locations":[{"start":{"line":252,"column":4},"end":{"line":254,"column":5}},{"start":{},"end":{}}],"line":252},"40":{"loc":{"start":{"line":258,"column":4},"end":{"line":260,"column":5}},"type":"if","locations":[{"start":{"line":258,"column":4},"end":{"line":260,"column":5}},{"start":{},"end":{}}],"line":258},"41":{"loc":{"start":{"line":277,"column":4},"end":{"line":282,"column":5}},"type":"if","locations":[{"start":{"line":277,"column":4},"end":{"line":282,"column":5}},{"start":{},"end":{}}],"line":277},"42":{"loc":{"start":{"line":287,"column":14},"end":{"line":287,"column":47}},"type":"binary-expr","locations":[{"start":{"line":287,"column":14},"end":{"line":287,"column":30}},{"start":{"line":287,"column":34},"end":{"line":287,"column":47}}],"line":287},"43":{"loc":{"start":{"line":288,"column":12},"end":{"line":288,"column":43}},"type":"binary-expr","locations":[{"start":{"line":288,"column":12},"end":{"line":288,"column":26}},{"start":{"line":288,"column":30},"end":{"line":288,"column":43}}],"line":288},"44":{"loc":{"start":{"line":290,"column":13},"end":{"line":290,"column":40}},"type":"binary-expr","locations":[{"start":{"line":290,"column":13},"end":{"line":290,"column":28}},{"start":{"line":290,"column":32},"end":{"line":290,"column":40}}],"line":290},"45":{"loc":{"start":{"line":291,"column":14},"end":{"line":291,"column":35}},"type":"binary-expr","locations":[{"start":{"line":291,"column":14},"end":{"line":291,"column":30}},{"start":{"line":291,"column":34},"end":{"line":291,"column":35}}],"line":291},"46":{"loc":{"start":{"line":292,"column":19},"end":{"line":292,"column":61}},"type":"binary-expr","locations":[{"start":{"line":292,"column":19},"end":{"line":292,"column":40}},{"start":{"line":292,"column":44},"end":{"line":292,"column":61}}],"line":292},"47":{"loc":{"start":{"line":312,"column":4},"end":{"line":314,"column":5}},"type":"if","locations":[{"start":{"line":312,"column":4},"end":{"line":314,"column":5}},{"start":{},"end":{}}],"line":312},"48":{"loc":{"start":{"line":321,"column":4},"end":{"line":326,"column":5}},"type":"if","locations":[{"start":{"line":321,"column":4},"end":{"line":326,"column":5}},{"start":{},"end":{}}],"line":321},"49":{"loc":{"start":{"line":339,"column":4},"end":{"line":341,"column":5}},"type":"if","locations":[{"start":{"line":339,"column":4},"end":{"line":341,"column":5}},{"start":{},"end":{}}],"line":339},"50":{"loc":{"start":{"line":359,"column":4},"end":{"line":361,"column":5}},"type":"if","locations":[{"start":{"line":359,"column":4},"end":{"line":361,"column":5}},{"start":{},"end":{}}],"line":359},"51":{"loc":{"start":{"line":365,"column":4},"end":{"line":367,"column":5}},"type":"if","locations":[{"start":{"line":365,"column":4},"end":{"line":367,"column":5}},{"start":{},"end":{}}],"line":365},"52":{"loc":{"start":{"line":385,"column":21},"end":{"line":387,"column":9}},"type":"cond-expr","locations":[{"start":{"line":386,"column":8},"end":{"line":386,"column":81}},{"start":{"line":387,"column":8},"end":{"line":387,"column":9}}],"line":385},"53":{"loc":{"start":{"line":386,"column":44},"end":{"line":386,"column":56}},"type":"binary-expr","locations":[{"start":{"line":386,"column":44},"end":{"line":386,"column":51}},{"start":{"line":386,"column":55},"end":{"line":386,"column":56}}],"line":386},"54":{"loc":{"start":{"line":390,"column":26},"end":{"line":394,"column":13}},"type":"cond-expr","locations":[{"start":{"line":391,"column":8},"end":{"line":393,"column":12}},{"start":{"line":394,"column":8},"end":{"line":394,"column":13}}],"line":390},"55":{"loc":{"start":{"line":415,"column":4},"end":{"line":420,"column":5}},"type":"if","locations":[{"start":{"line":415,"column":4},"end":{"line":420,"column":5}},{"start":{},"end":{}}],"line":415},"56":{"loc":{"start":{"line":423,"column":4},"end":{"line":425,"column":5}},"type":"if","locations":[{"start":{"line":423,"column":4},"end":{"line":425,"column":5}},{"start":{},"end":{}}],"line":423},"57":{"loc":{"start":{"line":431,"column":0},"end":{"line":433,"column":1}},"type":"if","locations":[{"start":{"line":431,"column":0},"end":{"line":433,"column":1}},{"start":{},"end":{}}],"line":431}},"s":{"0":0,"1":0,"2":0,"3":0,"4":0,"5":0,"6":0,"7":0,"8":0,"9":0,"10":0,"11":0,"12":0,"13":0,"14":0,"15":0,"16":0,"17":0,"18":0,"19":0,"20":0,"21":0,"22":0,"23":0,"24":0,"25":0,"26":0,"27":0,"28":0,"29":0,"30":0,"31":0,"32":0,"33":0,"34":0,"35":0,"36":0,"37":0,"38":0,"39":0,"40":0,"41":0,"42":0,"43":0,"44":0,"45":0,"46":0,"47":0,"48":0,"49":0,"50":0,"51":0,"52":0,"53":0,"54":0,"55":0,"56":0,"57":0,"58":0,"59":0,"60":0,"61":0,"62":0,"63":0,"64":0,"65":0,"66":0,"67":0,"68":0,"69":0,"70":0,"71":0,"72":0,"73":0,"74":0,"75":0,"76":0,"77":0,"78":0,"79":0,"80":0,"81":0,"82":0,"83":0,"84":0,"85":0,"86":0,"87":0,"88":0,"89":0,"90":0,"91":0,"92":0,"93":0,"94":0,"95":0,"96":0,"97":0,"98":0,"99":0,"100":0,"101":0,"102":0,"103":0,"104":0,"105":0,"106":0,"107":0,"108":0,"109":0,"110":0,"111":0,"112":0,"113":0,"114":0,"115":0,"116":0,"117":0,"118":0,"119":0,"120":0,"121":0,"122":0,"123":0,"124":0,"125":0,"126":0,"127":0,"128":0,"129":0,"130":0,"131":0,"132":0,"133":0,"134":0,"135":0,"136":0,"137":0,"138":0,"139":0,"140":0,"141":0,"142":0,"143":0,"144":0,"145":0,"146":0,"147":0,"148":0,"149":0,"150":0,"151":0,"152":0,"153":0,"154":0,"155":0,"156":0,"157":0,"158":0,"159":0,"160":0,"161":0,"162":0,"163":0,"164":0,"165":0,"166":0,"167":0,"168":0,"169":0,"170":0,"171":0,"172":0,"173":0,"174":0,"175":0},"f":{"0":0,"1":0,"2":0,"3":0,"4":0,"5":0,"6":0,"7":0,"8":0,"9":0,"10":0,"11":0,"12":0,"13":0,"14":0,"15":0,"16":0,"17":0,"18":0,"19":0,"20":0,"21":0,"22":0,"23":0,"24":0,"25":0},"b":{"0":[0,0],"1":[0,0],"2":[0,0],"3":[0,0],"4":[0,0],"5":[0,0],"6":[0,0],"7":[0,0],"8":[0,0],"9":[0,0],"10":[0,0],"11":[0,0],"12":[0,0],"13":[0,0],"14":[0,0],"15":[0,0],"16":[0,0],"17":[0,0],"18":[0,0],"19":[0,0],"20":[0,0],"21":[0,0],"22":[0,0],"23":[0,0],"24":[0,0],"25":[0],"26":[0,0],"27":[0,0],"28":[0,0],"29":[0,0],"30":[0,0],"31":[0,0],"32":[0,0],"33":[0,0],"34":[0,0],"35":[0,0],"36":[0,0],"37":[0,0],"38":[0,0],"39":[0,0],"40":[0,0],"41":[0,0],"42":[0,0],"43":[0,0],"44":[0,0],"45":[0,0],"46":[0,0],"47":[0,0],"48":[0,0],"49":[0,0],"50":[0,0],"51":[0,0],"52":[0,0],"53":[0,0],"54":[0,0],"55":[0,0],"56":[0,0],"57":[0,0]},"inputSourceMap":null}
}
