<?xml version="1.0" ?>
<!DOCTYPE coverage SYSTEM "http://cobertura.sourceforge.net/xml/coverage-04.dtd">
<coverage lines-valid="110" lines-covered="102" line-rate="0.9272" branches-valid="85" branches-covered="73" branch-rate="0.8588" timestamp="1762915070618" complexity="0" version="0.1">
  <sources>
    <source>/Users/lucianahueda/Desktop/TP7-INGEIII/coffehub/frontend</source>
  </sources>
  <packages>
    <package name="main" line-rate="0.9272" branch-rate="0.8588">
      <classes>
        <class name="app.js" filename="app.js" line-rate="0.9272" branch-rate="0.8588">
          <methods>
            <method name="getEditingCoffeeId" hits="4" signature="()V">
              <lines>
                <line number="12" hits="4"/>
              </lines>
            </method>
            <method name="setEditingCoffeeId" hits="6" signature="()V">
              <lines>
                <line number="16" hits="6"/>
              </lines>
            </method>
            <method name="getBackendURL" hits="29" signature="()V">
              <lines>
                <line number="23" hits="29"/>
              </lines>
            </method>
            <method name="toggleForm" hits="2" signature="()V">
              <lines>
                <line number="34" hits="2"/>
              </lines>
            </method>
            <method name="cancelEdit" hits="5" signature="()V">
              <lines>
                <line number="46" hits="5"/>
              </lines>
            </method>
            <method name="editCoffee" hits="3" signature="()V">
              <lines>
                <line number="61" hits="3"/>
              </lines>
            </method>
            <method name="deleteCoffee" hits="4" signature="()V">
              <lines>
                <line number="86" hits="4"/>
              </lines>
            </method>
            <method name="handleFormSubmit" hits="5" signature="()V">
              <lines>
                <line number="101" hits="5"/>
              </lines>
            </method>
            <method name="loadCoffees" hits="7" signature="()V">
              <lines>
                <line number="142" hits="7"/>
              </lines>
            </method>
            <method name="renderCoffees" hits="10" signature="()V">
              <lines>
                <line number="163" hits="10"/>
              </lines>
            </method>
            <method name="(anonymous_10)" hits="4" signature="()V">
              <lines>
                <line number="173" hits="4"/>
              </lines>
            </method>
            <method name="updateStats" hits="11" signature="()V">
              <lines>
                <line number="193" hits="11"/>
              </lines>
            </method>
            <method name="init" hits="3" signature="()V">
              <lines>
                <line number="219" hits="3"/>
              </lines>
            </method>
            <method name="(anonymous_13)" hits="0" signature="()V">
              <lines>
                <line number="232" hits="0"/>
              </lines>
            </method>
            <method name="exposeGlobalFunctions" hits="1" signature="()V">
              <lines>
                <line number="243" hits="1"/>
              </lines>
            </method>
          </methods>
          <lines>
            <line number="7" hits="1" branch="false"/>
            <line number="13" hits="4" branch="false"/>
            <line number="17" hits="6" branch="false"/>
            <line number="24" hits="29" branch="false"/>
            <line number="25" hits="29" branch="true" condition-coverage="100% (2/2)"/>
            <line number="26" hits="3" branch="true" condition-coverage="100% (2/2)"/>
            <line number="27" hits="2" branch="true" condition-coverage="100% (2/2)"/>
            <line number="28" hits="1" branch="false"/>
            <line number="35" hits="2" branch="false"/>
            <line number="36" hits="2" branch="true" condition-coverage="100% (2/2)"/>
            <line number="38" hits="1" branch="true" condition-coverage="75% (3/4)"/>
            <line number="39" hits="1" branch="false"/>
            <line number="41" hits="0" branch="false"/>
            <line number="42" hits="0" branch="false"/>
            <line number="47" hits="5" branch="false"/>
            <line number="48" hits="5" branch="false"/>
            <line number="49" hits="5" branch="true" condition-coverage="100% (2/2)"/>
            <line number="51" hits="4" branch="false"/>
            <line number="53" hits="4" branch="false"/>
            <line number="54" hits="4" branch="false"/>
            <line number="55" hits="4" branch="false"/>
            <line number="56" hits="4" branch="false"/>
            <line number="58" hits="4" branch="true" condition-coverage="50% (1/2)"/>
            <line number="62" hits="3" branch="false"/>
            <line number="63" hits="3" branch="false"/>
            <line number="64" hits="3" branch="true" condition-coverage="100% (2/2)"/>
            <line number="66" hits="2" branch="false"/>
            <line number="68" hits="2" branch="true" condition-coverage="100% (2/2)"/>
            <line number="69" hits="2" branch="true" condition-coverage="100% (2/2)"/>
            <line number="70" hits="2" branch="true" condition-coverage="100% (2/2)"/>
            <line number="71" hits="2" branch="true" condition-coverage="100% (2/2)"/>
            <line number="72" hits="2" branch="true" condition-coverage="100% (2/2)"/>
            <line number="73" hits="2" branch="true" condition-coverage="100% (2/2)"/>
            <line number="74" hits="2" branch="true" condition-coverage="100% (2/2)"/>
            <line number="76" hits="2" branch="false"/>
            <line number="77" hits="2" branch="false"/>
            <line number="78" hits="2" branch="false"/>
            <line number="80" hits="2" branch="true" condition-coverage="50% (1/2)"/>
            <line number="87" hits="4" branch="true" condition-coverage="100% (2/2)"/>
            <line number="89" hits="3" branch="false"/>
            <line number="90" hits="3" branch="false"/>
            <line number="91" hits="2" branch="true" condition-coverage="100% (2/2)"/>
            <line number="92" hits="1" branch="false"/>
            <line number="93" hits="1" branch="false"/>
            <line number="94" hits="1" branch="false"/>
            <line number="96" hits="2" branch="false"/>
            <line number="97" hits="2" branch="false"/>
            <line number="102" hits="5" branch="true" condition-coverage="50% (1/2)"/>
            <line number="104" hits="5" branch="false"/>
            <line number="114" hits="5" branch="false"/>
            <line number="115" hits="5" branch="true" condition-coverage="50% (1/2)"/>
            <line number="119" hits="5" branch="true" condition-coverage="50% (1/2)"/>
            <line number="121" hits="5" branch="false"/>
            <line number="127" hits="4" branch="true" condition-coverage="100% (2/2)"/>
            <line number="129" hits="3" branch="true" condition-coverage="50% (1/2)"/>
            <line number="130" hits="3" branch="false"/>
            <line number="131" hits="3" branch="false"/>
            <line number="132" hits="3" branch="false"/>
            <line number="134" hits="2" branch="false"/>
            <line number="135" hits="2" branch="false"/>
            <line number="143" hits="7" branch="false"/>
            <line number="144" hits="7" branch="true" condition-coverage="100% (2/2)"/>
            <line number="146" hits="6" branch="false"/>
            <line number="148" hits="6" branch="false"/>
            <line number="149" hits="6" branch="false"/>
            <line number="150" hits="6" branch="true" condition-coverage="50% (1/2)"/>
            <line number="152" hits="6" branch="false"/>
            <line number="153" hits="6" branch="false"/>
            <line number="155" hits="0" branch="false"/>
            <line number="156" hits="0" branch="false"/>
            <line number="164" hits="10" branch="false"/>
            <line number="165" hits="10" branch="true" condition-coverage="100% (2/2)"/>
            <line number="167" hits="9" branch="false"/>
            <line number="168" hits="9" branch="true" condition-coverage="100% (4/4)"/>
            <line number="169" hits="7" branch="false"/>
            <line number="170" hits="7" branch="false"/>
            <line number="173" hits="2" branch="false"/>
            <line number="174" hits="4" branch="false"/>
            <line number="175" hits="4" branch="false"/>
            <line number="176" hits="4" branch="false"/>
            <line number="189" hits="4" branch="false"/>
            <line number="194" hits="11" branch="false"/>
            <line number="195" hits="11" branch="false"/>
            <line number="198" hits="11" branch="true" condition-coverage="100% (4/4)"/>
            <line number="199" hits="9" branch="false"/>
            <line number="201" hits="2" branch="false"/>
            <line number="204" hits="11" branch="false"/>
            <line number="205" hits="11" branch="false"/>
            <line number="206" hits="11" branch="false"/>
            <line number="208" hits="11" branch="true" condition-coverage="100% (4/4)"/>
            <line number="209" hits="11" branch="true" condition-coverage="100% (4/4)"/>
            <line number="210" hits="11" branch="true" condition-coverage="100% (4/4)"/>
            <line number="212" hits="0" branch="false"/>
            <line number="220" hits="3" branch="false"/>
            <line number="221" hits="3" branch="false"/>
            <line number="223" hits="3" branch="false"/>
            <line number="224" hits="3" branch="true" condition-coverage="100% (2/2)"/>
            <line number="225" hits="2" branch="false"/>
            <line number="230" hits="1" branch="true" condition-coverage="50% (1/2)"/>
            <line number="231" hits="1" branch="true" condition-coverage="50% (1/2)"/>
            <line number="232" hits="0" branch="false"/>
            <line number="233" hits="0" branch="false"/>
            <line number="234" hits="0" branch="false"/>
            <line number="237" hits="1" branch="false"/>
            <line number="238" hits="1" branch="false"/>
            <line number="244" hits="1" branch="true" condition-coverage="50% (1/2)"/>
            <line number="245" hits="1" branch="false"/>
            <line number="246" hits="1" branch="false"/>
            <line number="247" hits="1" branch="false"/>
            <line number="248" hits="1" branch="false"/>
          </lines>
        </class>
      </classes>
    </package>
  </packages>
</coverage>
