TN:
SF:app.js
FN:12,getEditingCoffeeId
FN:16,setEditingCoffeeId
FN:23,getBackendURL
FN:34,toggleForm
FN:46,cancelEdit
FN:61,editCoffee
FN:86,deleteCoffee
FN:101,handleFormSubmit
FN:142,loadCoffees
FN:163,renderCoffees
FN:173,(anonymous_10)
FN:193,updateStats
FN:219,init
FN:232,(anonymous_13)
FN:243,exposeGlobalFunctions
FNF:15
FNH:14
FNDA:4,getEditingCoffeeId
FNDA:6,setEditingCoffeeId
FNDA:29,getBackendURL
FNDA:2,toggleForm
FNDA:5,cancelEdit
FNDA:3,editCoffee
FNDA:4,deleteCoffee
FNDA:5,handleFormSubmit
FNDA:7,loadCoffees
FNDA:10,renderCoffees
FNDA:4,(anonymous_10)
FNDA:11,updateStats
FNDA:3,init
FNDA:0,(anonymous_13)
FNDA:1,exposeGlobalFunctions
DA:7,1
DA:13,4
DA:17,6
DA:24,29
DA:25,29
DA:26,3
DA:27,2
DA:28,1
DA:35,2
DA:36,2
DA:38,1
DA:39,1
DA:41,0
DA:42,0
DA:47,5
DA:48,5
DA:49,5
DA:51,4
DA:53,4
DA:54,4
DA:55,4
DA:56,4
DA:58,4
DA:62,3
DA:63,3
DA:64,3
DA:66,2
DA:68,2
DA:69,2
DA:70,2
DA:71,2
DA:72,2
DA:73,2
DA:74,2
DA:76,2
DA:77,2
DA:78,2
DA:80,2
DA:87,4
DA:89,3
DA:90,3
DA:91,2
DA:92,1
DA:93,1
DA:94,1
DA:96,2
DA:97,2
DA:102,5
DA:104,5
DA:114,5
DA:115,5
DA:119,5
DA:121,5
DA:127,4
DA:129,3
DA:130,3
DA:131,3
DA:132,3
DA:134,2
DA:135,2
DA:143,7
DA:144,7
DA:146,6
DA:148,6
DA:149,6
DA:150,6
DA:152,6
DA:153,6
DA:155,0
DA:156,0
DA:164,10
DA:165,10
DA:167,9
DA:168,9
DA:169,7
DA:170,7
DA:173,2
DA:174,4
DA:175,4
DA:176,4
DA:189,4
DA:194,11
DA:195,11
DA:198,11
DA:199,9
DA:201,2
DA:204,11
DA:205,11
DA:206,11
DA:208,11
DA:209,11
DA:210,11
DA:212,0
DA:220,3
DA:221,3
DA:223,3
DA:224,3
DA:225,2
DA:230,1
DA:231,1
DA:232,0
DA:233,0
DA:234,0
DA:237,1
DA:238,1
DA:244,1
DA:245,1
DA:246,1
DA:247,1
DA:248,1
LF:110
LH:102
BRDA:25,0,0,26
BRDA:25,0,1,3
BRDA:26,1,0,1
BRDA:26,1,1,2
BRDA:27,2,0,1
BRDA:27,2,1,1
BRDA:36,3,0,1
BRDA:36,3,1,1
BRDA:38,4,0,1
BRDA:38,4,1,0
BRDA:38,5,0,1
BRDA:38,5,1,1
BRDA:49,6,0,1
BRDA:49,6,1,4
BRDA:58,7,0,4
BRDA:58,7,1,0
BRDA:64,8,0,1
BRDA:64,8,1,2
BRDA:68,9,0,2
BRDA:68,9,1,1
BRDA:69,10,0,2
BRDA:69,10,1,1
BRDA:70,11,0,2
BRDA:70,11,1,1
BRDA:71,12,0,2
BRDA:71,12,1,1
BRDA:72,13,0,2
BRDA:72,13,1,1
BRDA:73,14,0,2
BRDA:73,14,1,1
BRDA:74,15,0,2
BRDA:74,15,1,1
BRDA:80,16,0,2
BRDA:80,16,1,0
BRDA:86,17,0,0
BRDA:87,18,0,1
BRDA:87,18,1,3
BRDA:91,19,0,1
BRDA:91,19,1,1
BRDA:102,20,0,0
BRDA:102,20,1,5
BRDA:115,21,0,0
BRDA:115,21,1,5
BRDA:119,22,0,0
BRDA:119,22,1,5
BRDA:127,23,0,1
BRDA:127,23,1,3
BRDA:129,24,0,0
BRDA:129,24,1,3
BRDA:144,25,0,1
BRDA:144,25,1,6
BRDA:150,26,0,0
BRDA:150,26,1,6
BRDA:165,27,0,1
BRDA:165,27,1,9
BRDA:168,28,0,7
BRDA:168,28,1,2
BRDA:168,29,0,9
BRDA:168,29,1,8
BRDA:183,30,0,4
BRDA:183,30,1,4
BRDA:198,31,0,9
BRDA:198,31,1,2
BRDA:198,32,0,11
BRDA:198,32,1,10
BRDA:208,33,0,9
BRDA:208,33,1,2
BRDA:208,34,0,9
BRDA:208,34,1,8
BRDA:209,35,0,9
BRDA:209,35,1,2
BRDA:209,36,0,9
BRDA:209,36,1,7
BRDA:210,37,0,9
BRDA:210,37,1,2
BRDA:210,38,0,9
BRDA:210,38,1,7
BRDA:224,39,0,2
BRDA:224,39,1,1
BRDA:230,40,0,1
BRDA:230,40,1,0
BRDA:231,41,0,0
BRDA:231,41,1,1
BRDA:244,42,0,1
BRDA:244,42,1,0
BRF:85
BRH:73
end_of_record
